2020-08-19 12:08:47 INFO  Browser :82 - URL has been opened: http://computer-database.herokuapp.com/computers
2020-08-19 12:08:304 INFO  WaitHelper :26 - Waiting for element to be visible on page: [[ChromeDriver: chrome on WINDOWS (7a34ed90084d392c3efc9c52460403c2)] -> id: add]
2020-08-19 12:08:362 INFO  WaitHelper :28 - Found Element on page: [[ChromeDriver: chrome on WINDOWS (7a34ed90084d392c3efc9c52460403c2)] -> id: add]
2020-08-19 12:08:724 INFO  BaseClass :65 - Clicked on element: Proxy element for: DefaultElementLocator 'By.id: add'
2020-08-19 12:08:742 INFO  WaitHelper :26 - Waiting for element to be visible on page: [[ChromeDriver: chrome on WINDOWS (7a34ed90084d392c3efc9c52460403c2)] -> id: name]
2020-08-19 12:08:781 INFO  WaitHelper :28 - Found Element on page: [[ChromeDriver: chrome on WINDOWS (7a34ed90084d392c3efc9c52460403c2)] -> id: name]
2020-08-19 12:08:891 INFO  BaseClass :81 - Entered text: ASUS ROG 1 in element: [[ChromeDriver: chrome on WINDOWS (7a34ed90084d392c3efc9c52460403c2)] -> id: name]
2020-08-19 12:08:904 INFO  WaitHelper :26 - Waiting for element to be visible on page: [[ChromeDriver: chrome on WINDOWS (7a34ed90084d392c3efc9c52460403c2)] -> id: introduced]
2020-08-19 12:08:936 INFO  WaitHelper :28 - Found Element on page: [[ChromeDriver: chrome on WINDOWS (7a34ed90084d392c3efc9c52460403c2)] -> id: introduced]
2020-08-19 12:08:44 INFO  BaseClass :81 - Entered text: 2020-08-10 in element: [[ChromeDriver: chrome on WINDOWS (7a34ed90084d392c3efc9c52460403c2)] -> id: introduced]
2020-08-19 12:08:55 INFO  WaitHelper :26 - Waiting for element to be visible on page: [[ChromeDriver: chrome on WINDOWS (7a34ed90084d392c3efc9c52460403c2)] -> id: discontinued]
2020-08-19 12:08:87 INFO  WaitHelper :28 - Found Element on page: [[ChromeDriver: chrome on WINDOWS (7a34ed90084d392c3efc9c52460403c2)] -> id: discontinued]
2020-08-19 12:08:184 INFO  BaseClass :81 - Entered text: 2020-12-31 in element: [[ChromeDriver: chrome on WINDOWS (7a34ed90084d392c3efc9c52460403c2)] -> id: discontinued]
2020-08-19 12:08:286 INFO  BaseClass :115 - IBM has been selected from available dropdown options
2020-08-19 12:08:300 INFO  WaitHelper :26 - Waiting for element to be visible on page: [[ChromeDriver: chrome on WINDOWS (7a34ed90084d392c3efc9c52460403c2)] -> css selector: input[type='submit']]
2020-08-19 12:08:330 INFO  WaitHelper :28 - Found Element on page: [[ChromeDriver: chrome on WINDOWS (7a34ed90084d392c3efc9c52460403c2)] -> css selector: input[type='submit']]
2020-08-19 12:08:263 INFO  BaseClass :65 - Clicked on element: [[ChromeDriver: chrome on WINDOWS (7a34ed90084d392c3efc9c52460403c2)] -> css selector: input[type='submit']]
2020-08-19 12:08:277 INFO  WaitHelper :26 - Waiting for element to be visible on page: [[ChromeDriver: chrome on WINDOWS (7a34ed90084d392c3efc9c52460403c2)] -> css selector: .alert-message]
2020-08-19 12:08:308 INFO  WaitHelper :28 - Found Element on page: [[ChromeDriver: chrome on WINDOWS (7a34ed90084d392c3efc9c52460403c2)] -> css selector: .alert-message]
2020-08-19 12:08:316 INFO  WaitHelper :26 - Waiting for element to be visible on page: [[ChromeDriver: chrome on WINDOWS (7a34ed90084d392c3efc9c52460403c2)] -> css selector: .alert-message]
2020-08-19 12:08:344 INFO  WaitHelper :28 - Found Element on page: [[ChromeDriver: chrome on WINDOWS (7a34ed90084d392c3efc9c52460403c2)] -> css selector: .alert-message]
2020-08-19 12:08:345 INFO  BaseClass :98 - Success message is displayed
2020-08-19 12:08:952 INFO  WaitHelper :26 - Waiting for element to be visible on page: [[ChromeDriver: chrome on WINDOWS (7a34ed90084d392c3efc9c52460403c2)] -> id: add]
2020-08-19 12:08:982 INFO  WaitHelper :28 - Found Element on page: [[ChromeDriver: chrome on WINDOWS (7a34ed90084d392c3efc9c52460403c2)] -> id: add]
2020-08-19 12:08:321 INFO  BaseClass :65 - Clicked on element: Proxy element for: DefaultElementLocator 'By.id: add'
2020-08-19 12:08:333 INFO  WaitHelper :26 - Waiting for element to be visible on page: [[ChromeDriver: chrome on WINDOWS (7a34ed90084d392c3efc9c52460403c2)] -> id: name]
2020-08-19 12:08:363 INFO  WaitHelper :28 - Found Element on page: [[ChromeDriver: chrome on WINDOWS (7a34ed90084d392c3efc9c52460403c2)] -> id: name]
2020-08-19 12:08:470 INFO  BaseClass :81 - Entered text: ASUS ROG 2 in element: [[ChromeDriver: chrome on WINDOWS (7a34ed90084d392c3efc9c52460403c2)] -> id: name]
2020-08-19 12:08:480 INFO  WaitHelper :26 - Waiting for element to be visible on page: [[ChromeDriver: chrome on WINDOWS (7a34ed90084d392c3efc9c52460403c2)] -> id: introduced]
2020-08-19 12:08:509 INFO  WaitHelper :28 - Found Element on page: [[ChromeDriver: chrome on WINDOWS (7a34ed90084d392c3efc9c52460403c2)] -> id: introduced]
2020-08-19 12:08:606 INFO  BaseClass :81 - Entered text: 2020-08-15 in element: [[ChromeDriver: chrome on WINDOWS (7a34ed90084d392c3efc9c52460403c2)] -> id: introduced]
2020-08-19 12:08:615 INFO  WaitHelper :26 - Waiting for element to be visible on page: [[ChromeDriver: chrome on WINDOWS (7a34ed90084d392c3efc9c52460403c2)] -> id: discontinued]
2020-08-19 12:08:642 INFO  WaitHelper :28 - Found Element on page: [[ChromeDriver: chrome on WINDOWS (7a34ed90084d392c3efc9c52460403c2)] -> id: discontinued]
2020-08-19 12:08:747 INFO  BaseClass :81 - Entered text: 2021-08-15 in element: [[ChromeDriver: chrome on WINDOWS (7a34ed90084d392c3efc9c52460403c2)] -> id: discontinued]
2020-08-19 12:08:847 INFO  BaseClass :115 - RCA has been selected from available dropdown options
2020-08-19 12:08:855 INFO  WaitHelper :26 - Waiting for element to be visible on page: [[ChromeDriver: chrome on WINDOWS (7a34ed90084d392c3efc9c52460403c2)] -> css selector: input[type='submit']]
2020-08-19 12:08:884 INFO  WaitHelper :28 - Found Element on page: [[ChromeDriver: chrome on WINDOWS (7a34ed90084d392c3efc9c52460403c2)] -> css selector: input[type='submit']]
2020-08-19 12:08:536 INFO  BaseClass :65 - Clicked on element: [[ChromeDriver: chrome on WINDOWS (7a34ed90084d392c3efc9c52460403c2)] -> css selector: input[type='submit']]
2020-08-19 12:08:546 INFO  WaitHelper :26 - Waiting for element to be visible on page: [[ChromeDriver: chrome on WINDOWS (7a34ed90084d392c3efc9c52460403c2)] -> css selector: .alert-message]
2020-08-19 12:08:577 INFO  WaitHelper :28 - Found Element on page: [[ChromeDriver: chrome on WINDOWS (7a34ed90084d392c3efc9c52460403c2)] -> css selector: .alert-message]
2020-08-19 12:08:586 INFO  WaitHelper :26 - Waiting for element to be visible on page: [[ChromeDriver: chrome on WINDOWS (7a34ed90084d392c3efc9c52460403c2)] -> css selector: .alert-message]
2020-08-19 12:08:612 INFO  WaitHelper :28 - Found Element on page: [[ChromeDriver: chrome on WINDOWS (7a34ed90084d392c3efc9c52460403c2)] -> css selector: .alert-message]
2020-08-19 12:08:613 INFO  BaseClass :98 - Success message is displayed
2020-08-19 12:08:951 INFO  WaitHelper :26 - Waiting for element to be visible on page: [[ChromeDriver: chrome on WINDOWS (7a34ed90084d392c3efc9c52460403c2)] -> id: add]
2020-08-19 12:08:978 INFO  WaitHelper :28 - Found Element on page: [[ChromeDriver: chrome on WINDOWS (7a34ed90084d392c3efc9c52460403c2)] -> id: add]
2020-08-19 12:08:319 INFO  BaseClass :65 - Clicked on element: Proxy element for: DefaultElementLocator 'By.id: add'
2020-08-19 12:08:329 INFO  WaitHelper :26 - Waiting for element to be visible on page: [[ChromeDriver: chrome on WINDOWS (7a34ed90084d392c3efc9c52460403c2)] -> id: name]
2020-08-19 12:08:361 INFO  WaitHelper :28 - Found Element on page: [[ChromeDriver: chrome on WINDOWS (7a34ed90084d392c3efc9c52460403c2)] -> id: name]
2020-08-19 12:08:458 INFO  BaseClass :81 - Entered text: ASUS ROG 3 in element: [[ChromeDriver: chrome on WINDOWS (7a34ed90084d392c3efc9c52460403c2)] -> id: name]
2020-08-19 12:08:466 INFO  WaitHelper :26 - Waiting for element to be visible on page: [[ChromeDriver: chrome on WINDOWS (7a34ed90084d392c3efc9c52460403c2)] -> id: introduced]
2020-08-19 12:08:495 INFO  WaitHelper :28 - Found Element on page: [[ChromeDriver: chrome on WINDOWS (7a34ed90084d392c3efc9c52460403c2)] -> id: introduced]
2020-08-19 12:08:591 INFO  BaseClass :81 - Entered text: 2020-06-10 in element: [[ChromeDriver: chrome on WINDOWS (7a34ed90084d392c3efc9c52460403c2)] -> id: introduced]
2020-08-19 12:08:600 INFO  WaitHelper :26 - Waiting for element to be visible on page: [[ChromeDriver: chrome on WINDOWS (7a34ed90084d392c3efc9c52460403c2)] -> id: discontinued]
2020-08-19 12:08:628 INFO  WaitHelper :28 - Found Element on page: [[ChromeDriver: chrome on WINDOWS (7a34ed90084d392c3efc9c52460403c2)] -> id: discontinued]
2020-08-19 12:08:733 INFO  BaseClass :81 - Entered text: 2021-06-10 in element: [[ChromeDriver: chrome on WINDOWS (7a34ed90084d392c3efc9c52460403c2)] -> id: discontinued]
2020-08-19 12:08:809 INFO  BaseClass :115 - Sony has been selected from available dropdown options
2020-08-19 12:08:817 INFO  WaitHelper :26 - Waiting for element to be visible on page: [[ChromeDriver: chrome on WINDOWS (7a34ed90084d392c3efc9c52460403c2)] -> css selector: input[type='submit']]
2020-08-19 12:08:844 INFO  WaitHelper :28 - Found Element on page: [[ChromeDriver: chrome on WINDOWS (7a34ed90084d392c3efc9c52460403c2)] -> css selector: input[type='submit']]
2020-08-19 12:08:485 INFO  BaseClass :65 - Clicked on element: [[ChromeDriver: chrome on WINDOWS (7a34ed90084d392c3efc9c52460403c2)] -> css selector: input[type='submit']]
2020-08-19 12:08:493 INFO  WaitHelper :26 - Waiting for element to be visible on page: [[ChromeDriver: chrome on WINDOWS (7a34ed90084d392c3efc9c52460403c2)] -> css selector: .alert-message]
2020-08-19 12:08:523 INFO  WaitHelper :28 - Found Element on page: [[ChromeDriver: chrome on WINDOWS (7a34ed90084d392c3efc9c52460403c2)] -> css selector: .alert-message]
2020-08-19 12:08:530 INFO  WaitHelper :26 - Waiting for element to be visible on page: [[ChromeDriver: chrome on WINDOWS (7a34ed90084d392c3efc9c52460403c2)] -> css selector: .alert-message]
2020-08-19 12:08:556 INFO  WaitHelper :28 - Found Element on page: [[ChromeDriver: chrome on WINDOWS (7a34ed90084d392c3efc9c52460403c2)] -> css selector: .alert-message]
2020-08-19 12:08:556 INFO  BaseClass :98 - Success message is displayed
2020-08-19 12:08:91 INFO  WaitHelper :26 - Waiting for element to be visible on page: [[ChromeDriver: chrome on WINDOWS (7a34ed90084d392c3efc9c52460403c2)] -> id: searchbox]
2020-08-19 12:08:121 INFO  WaitHelper :28 - Found Element on page: [[ChromeDriver: chrome on WINDOWS (7a34ed90084d392c3efc9c52460403c2)] -> id: searchbox]
2020-08-19 12:08:250 INFO  BaseClass :81 - Entered text: ASUS ROG 1 in element: [[ChromeDriver: chrome on WINDOWS (7a34ed90084d392c3efc9c52460403c2)] -> id: searchbox]
2020-08-19 12:08:262 INFO  WaitHelper :26 - Waiting for element to be visible on page: [[ChromeDriver: chrome on WINDOWS (7a34ed90084d392c3efc9c52460403c2)] -> css selector: #searchsubmit]
2020-08-19 12:08:296 INFO  WaitHelper :28 - Found Element on page: [[ChromeDriver: chrome on WINDOWS (7a34ed90084d392c3efc9c52460403c2)] -> css selector: #searchsubmit]
2020-08-19 12:08:640 INFO  BaseClass :65 - Clicked on element: [[ChromeDriver: chrome on WINDOWS (7a34ed90084d392c3efc9c52460403c2)] -> css selector: #searchsubmit]
2020-08-19 12:08:681 INFO  AddComputerPage :130 - Found: ASUS ROG 1 in Computer Name search results
2020-08-19 12:08:59 INFO  AddComputerPage :132 - Clicked on Computer Name: ASUS ROG 1
2020-08-19 12:08:141 INFO  BaseClass :115 - RCA has been selected from available dropdown options
2020-08-19 12:08:150 INFO  WaitHelper :26 - Waiting for element to be visible on page: [[ChromeDriver: chrome on WINDOWS (7a34ed90084d392c3efc9c52460403c2)] -> css selector: input[type='submit']]
2020-08-19 12:08:179 INFO  WaitHelper :28 - Found Element on page: [[ChromeDriver: chrome on WINDOWS (7a34ed90084d392c3efc9c52460403c2)] -> css selector: input[type='submit']]
2020-08-19 12:08:856 INFO  BaseClass :65 - Clicked on element: [[ChromeDriver: chrome on WINDOWS (7a34ed90084d392c3efc9c52460403c2)] -> css selector: input[type='submit']]
2020-08-19 12:08:866 INFO  WaitHelper :26 - Waiting for element to be visible on page: [[ChromeDriver: chrome on WINDOWS (7a34ed90084d392c3efc9c52460403c2)] -> css selector: .alert-message]
2020-08-19 12:08:893 INFO  WaitHelper :28 - Found Element on page: [[ChromeDriver: chrome on WINDOWS (7a34ed90084d392c3efc9c52460403c2)] -> css selector: .alert-message]
2020-08-19 12:08:900 INFO  WaitHelper :26 - Waiting for element to be visible on page: [[ChromeDriver: chrome on WINDOWS (7a34ed90084d392c3efc9c52460403c2)] -> css selector: .alert-message]
2020-08-19 12:08:926 INFO  WaitHelper :28 - Found Element on page: [[ChromeDriver: chrome on WINDOWS (7a34ed90084d392c3efc9c52460403c2)] -> css selector: .alert-message]
2020-08-19 12:08:926 INFO  BaseClass :98 - Success message is displayed
2020-08-19 12:08:250 INFO  WaitHelper :26 - Waiting for element to be visible on page: [[ChromeDriver: chrome on WINDOWS (7a34ed90084d392c3efc9c52460403c2)] -> id: searchbox]
2020-08-19 12:08:280 INFO  WaitHelper :28 - Found Element on page: [[ChromeDriver: chrome on WINDOWS (7a34ed90084d392c3efc9c52460403c2)] -> id: searchbox]
2020-08-19 12:08:389 INFO  BaseClass :81 - Entered text: ASUS ROG 2 in element: [[ChromeDriver: chrome on WINDOWS (7a34ed90084d392c3efc9c52460403c2)] -> id: searchbox]
2020-08-19 12:08:399 INFO  WaitHelper :26 - Waiting for element to be visible on page: [[ChromeDriver: chrome on WINDOWS (7a34ed90084d392c3efc9c52460403c2)] -> css selector: #searchsubmit]
2020-08-19 12:08:423 INFO  WaitHelper :28 - Found Element on page: [[ChromeDriver: chrome on WINDOWS (7a34ed90084d392c3efc9c52460403c2)] -> css selector: #searchsubmit]
2020-08-19 12:08:770 INFO  BaseClass :65 - Clicked on element: [[ChromeDriver: chrome on WINDOWS (7a34ed90084d392c3efc9c52460403c2)] -> css selector: #searchsubmit]
2020-08-19 12:08:791 INFO  AddComputerPage :130 - Found: ASUS ROG 2 in Computer Name search results
2020-08-19 12:08:106 INFO  AddComputerPage :132 - Clicked on Computer Name: ASUS ROG 2
2020-08-19 12:08:195 INFO  BaseClass :115 - Sony has been selected from available dropdown options
2020-08-19 12:08:203 INFO  WaitHelper :26 - Waiting for element to be visible on page: [[ChromeDriver: chrome on WINDOWS (7a34ed90084d392c3efc9c52460403c2)] -> css selector: input[type='submit']]
2020-08-19 12:08:231 INFO  WaitHelper :28 - Found Element on page: [[ChromeDriver: chrome on WINDOWS (7a34ed90084d392c3efc9c52460403c2)] -> css selector: input[type='submit']]
2020-08-19 12:08:917 INFO  BaseClass :65 - Clicked on element: [[ChromeDriver: chrome on WINDOWS (7a34ed90084d392c3efc9c52460403c2)] -> css selector: input[type='submit']]
2020-08-19 12:08:925 INFO  WaitHelper :26 - Waiting for element to be visible on page: [[ChromeDriver: chrome on WINDOWS (7a34ed90084d392c3efc9c52460403c2)] -> css selector: .alert-message]
2020-08-19 12:08:953 INFO  WaitHelper :28 - Found Element on page: [[ChromeDriver: chrome on WINDOWS (7a34ed90084d392c3efc9c52460403c2)] -> css selector: .alert-message]
2020-08-19 12:08:960 INFO  WaitHelper :26 - Waiting for element to be visible on page: [[ChromeDriver: chrome on WINDOWS (7a34ed90084d392c3efc9c52460403c2)] -> css selector: .alert-message]
2020-08-19 12:08:988 INFO  WaitHelper :28 - Found Element on page: [[ChromeDriver: chrome on WINDOWS (7a34ed90084d392c3efc9c52460403c2)] -> css selector: .alert-message]
2020-08-19 12:08:988 INFO  BaseClass :98 - Success message is displayed
2020-08-19 12:08:315 INFO  WaitHelper :26 - Waiting for element to be visible on page: [[ChromeDriver: chrome on WINDOWS (7a34ed90084d392c3efc9c52460403c2)] -> id: searchbox]
2020-08-19 12:08:343 INFO  WaitHelper :28 - Found Element on page: [[ChromeDriver: chrome on WINDOWS (7a34ed90084d392c3efc9c52460403c2)] -> id: searchbox]
2020-08-19 12:08:441 INFO  BaseClass :81 - Entered text: ASUS ROG 3 in element: [[ChromeDriver: chrome on WINDOWS (7a34ed90084d392c3efc9c52460403c2)] -> id: searchbox]
2020-08-19 12:08:449 INFO  WaitHelper :26 - Waiting for element to be visible on page: [[ChromeDriver: chrome on WINDOWS (7a34ed90084d392c3efc9c52460403c2)] -> css selector: #searchsubmit]
2020-08-19 12:08:477 INFO  WaitHelper :28 - Found Element on page: [[ChromeDriver: chrome on WINDOWS (7a34ed90084d392c3efc9c52460403c2)] -> css selector: #searchsubmit]
2020-08-19 12:08:89 INFO  BaseClass :65 - Clicked on element: [[ChromeDriver: chrome on WINDOWS (7a34ed90084d392c3efc9c52460403c2)] -> css selector: #searchsubmit]
2020-08-19 12:08:112 INFO  AddComputerPage :130 - Found: ASUS ROG 3 in Computer Name search results
2020-08-19 12:08:456 INFO  AddComputerPage :132 - Clicked on Computer Name: ASUS ROG 3
2020-08-19 12:08:532 INFO  BaseClass :115 - IBM has been selected from available dropdown options
2020-08-19 12:08:542 INFO  WaitHelper :26 - Waiting for element to be visible on page: [[ChromeDriver: chrome on WINDOWS (7a34ed90084d392c3efc9c52460403c2)] -> css selector: input[type='submit']]
2020-08-19 12:08:572 INFO  WaitHelper :28 - Found Element on page: [[ChromeDriver: chrome on WINDOWS (7a34ed90084d392c3efc9c52460403c2)] -> css selector: input[type='submit']]
2020-08-19 12:08:232 INFO  BaseClass :65 - Clicked on element: [[ChromeDriver: chrome on WINDOWS (7a34ed90084d392c3efc9c52460403c2)] -> css selector: input[type='submit']]
2020-08-19 12:08:240 INFO  WaitHelper :26 - Waiting for element to be visible on page: [[ChromeDriver: chrome on WINDOWS (7a34ed90084d392c3efc9c52460403c2)] -> css selector: .alert-message]
2020-08-19 12:08:270 INFO  WaitHelper :28 - Found Element on page: [[ChromeDriver: chrome on WINDOWS (7a34ed90084d392c3efc9c52460403c2)] -> css selector: .alert-message]
2020-08-19 12:08:280 INFO  WaitHelper :26 - Waiting for element to be visible on page: [[ChromeDriver: chrome on WINDOWS (7a34ed90084d392c3efc9c52460403c2)] -> css selector: .alert-message]
2020-08-19 12:08:308 INFO  WaitHelper :28 - Found Element on page: [[ChromeDriver: chrome on WINDOWS (7a34ed90084d392c3efc9c52460403c2)] -> css selector: .alert-message]
2020-08-19 12:08:308 INFO  BaseClass :98 - Success message is displayed
2020-08-19 12:08:685 INFO  WaitHelper :26 - Waiting for element to be visible on page: [[ChromeDriver: chrome on WINDOWS (7a34ed90084d392c3efc9c52460403c2)] -> id: searchbox]
2020-08-19 12:08:711 INFO  WaitHelper :28 - Found Element on page: [[ChromeDriver: chrome on WINDOWS (7a34ed90084d392c3efc9c52460403c2)] -> id: searchbox]
2020-08-19 12:08:809 INFO  BaseClass :81 - Entered text: ASUS ROG 1 in element: [[ChromeDriver: chrome on WINDOWS (7a34ed90084d392c3efc9c52460403c2)] -> id: searchbox]
2020-08-19 12:08:816 INFO  WaitHelper :26 - Waiting for element to be visible on page: [[ChromeDriver: chrome on WINDOWS (7a34ed90084d392c3efc9c52460403c2)] -> css selector: #searchsubmit]
2020-08-19 12:08:842 INFO  WaitHelper :28 - Found Element on page: [[ChromeDriver: chrome on WINDOWS (7a34ed90084d392c3efc9c52460403c2)] -> css selector: #searchsubmit]
2020-08-19 12:08:178 INFO  BaseClass :65 - Clicked on element: [[ChromeDriver: chrome on WINDOWS (7a34ed90084d392c3efc9c52460403c2)] -> css selector: #searchsubmit]
2020-08-19 12:08:198 INFO  AddComputerPage :130 - Found: ASUS ROG 1 in Computer Name search results
2020-08-19 12:08:521 INFO  AddComputerPage :132 - Clicked on Computer Name: ASUS ROG 1
2020-08-19 12:08:535 INFO  WaitHelper :26 - Waiting for element to be visible on page: [[ChromeDriver: chrome on WINDOWS (7a34ed90084d392c3efc9c52460403c2)] -> css selector: .btn.danger]
2020-08-19 12:08:562 INFO  WaitHelper :28 - Found Element on page: [[ChromeDriver: chrome on WINDOWS (7a34ed90084d392c3efc9c52460403c2)] -> css selector: .btn.danger]
2020-08-19 12:08:199 INFO  BaseClass :65 - Clicked on element: Proxy element for: DefaultElementLocator 'By.cssSelector: .btn.danger'
2020-08-19 12:08:207 INFO  WaitHelper :26 - Waiting for element to be visible on page: [[ChromeDriver: chrome on WINDOWS (7a34ed90084d392c3efc9c52460403c2)] -> css selector: .alert-message]
2020-08-19 12:08:238 INFO  WaitHelper :28 - Found Element on page: [[ChromeDriver: chrome on WINDOWS (7a34ed90084d392c3efc9c52460403c2)] -> css selector: .alert-message]
2020-08-19 12:08:245 INFO  WaitHelper :26 - Waiting for element to be visible on page: [[ChromeDriver: chrome on WINDOWS (7a34ed90084d392c3efc9c52460403c2)] -> css selector: .alert-message]
2020-08-19 12:08:271 INFO  WaitHelper :28 - Found Element on page: [[ChromeDriver: chrome on WINDOWS (7a34ed90084d392c3efc9c52460403c2)] -> css selector: .alert-message]
2020-08-19 12:08:272 INFO  BaseClass :98 - Success message is displayed
2020-08-19 12:08:594 INFO  WaitHelper :26 - Waiting for element to be visible on page: [[ChromeDriver: chrome on WINDOWS (7a34ed90084d392c3efc9c52460403c2)] -> id: searchbox]
2020-08-19 12:08:621 INFO  WaitHelper :28 - Found Element on page: [[ChromeDriver: chrome on WINDOWS (7a34ed90084d392c3efc9c52460403c2)] -> id: searchbox]
2020-08-19 12:08:728 INFO  BaseClass :81 - Entered text: ASUS ROG 2 in element: [[ChromeDriver: chrome on WINDOWS (7a34ed90084d392c3efc9c52460403c2)] -> id: searchbox]
2020-08-19 12:08:735 INFO  WaitHelper :26 - Waiting for element to be visible on page: [[ChromeDriver: chrome on WINDOWS (7a34ed90084d392c3efc9c52460403c2)] -> css selector: #searchsubmit]
2020-08-19 12:08:763 INFO  WaitHelper :28 - Found Element on page: [[ChromeDriver: chrome on WINDOWS (7a34ed90084d392c3efc9c52460403c2)] -> css selector: #searchsubmit]
2020-08-19 12:08:115 INFO  BaseClass :65 - Clicked on element: [[ChromeDriver: chrome on WINDOWS (7a34ed90084d392c3efc9c52460403c2)] -> css selector: #searchsubmit]
2020-08-19 12:08:137 INFO  AddComputerPage :130 - Found: ASUS ROG 2 in Computer Name search results
2020-08-19 12:08:469 INFO  AddComputerPage :132 - Clicked on Computer Name: ASUS ROG 2
2020-08-19 12:08:478 INFO  WaitHelper :26 - Waiting for element to be visible on page: [[ChromeDriver: chrome on WINDOWS (7a34ed90084d392c3efc9c52460403c2)] -> css selector: .btn.danger]
2020-08-19 12:08:507 INFO  WaitHelper :28 - Found Element on page: [[ChromeDriver: chrome on WINDOWS (7a34ed90084d392c3efc9c52460403c2)] -> css selector: .btn.danger]
2020-08-19 12:08:198 INFO  BaseClass :65 - Clicked on element: Proxy element for: DefaultElementLocator 'By.cssSelector: .btn.danger'
2020-08-19 12:08:209 INFO  WaitHelper :26 - Waiting for element to be visible on page: [[ChromeDriver: chrome on WINDOWS (7a34ed90084d392c3efc9c52460403c2)] -> css selector: .alert-message]
2020-08-19 12:08:237 INFO  WaitHelper :28 - Found Element on page: [[ChromeDriver: chrome on WINDOWS (7a34ed90084d392c3efc9c52460403c2)] -> css selector: .alert-message]
2020-08-19 12:08:244 INFO  WaitHelper :26 - Waiting for element to be visible on page: [[ChromeDriver: chrome on WINDOWS (7a34ed90084d392c3efc9c52460403c2)] -> css selector: .alert-message]
2020-08-19 12:08:266 INFO  WaitHelper :28 - Found Element on page: [[ChromeDriver: chrome on WINDOWS (7a34ed90084d392c3efc9c52460403c2)] -> css selector: .alert-message]
2020-08-19 12:08:267 INFO  BaseClass :98 - Success message is displayed
2020-08-19 12:08:595 INFO  WaitHelper :26 - Waiting for element to be visible on page: [[ChromeDriver: chrome on WINDOWS (7a34ed90084d392c3efc9c52460403c2)] -> id: searchbox]
2020-08-19 12:08:622 INFO  WaitHelper :28 - Found Element on page: [[ChromeDriver: chrome on WINDOWS (7a34ed90084d392c3efc9c52460403c2)] -> id: searchbox]
2020-08-19 12:08:725 INFO  BaseClass :81 - Entered text: ASUS ROG 3 in element: [[ChromeDriver: chrome on WINDOWS (7a34ed90084d392c3efc9c52460403c2)] -> id: searchbox]
2020-08-19 12:08:733 INFO  WaitHelper :26 - Waiting for element to be visible on page: [[ChromeDriver: chrome on WINDOWS (7a34ed90084d392c3efc9c52460403c2)] -> css selector: #searchsubmit]
2020-08-19 12:08:766 INFO  WaitHelper :28 - Found Element on page: [[ChromeDriver: chrome on WINDOWS (7a34ed90084d392c3efc9c52460403c2)] -> css selector: #searchsubmit]
2020-08-19 12:08:109 INFO  BaseClass :65 - Clicked on element: [[ChromeDriver: chrome on WINDOWS (7a34ed90084d392c3efc9c52460403c2)] -> css selector: #searchsubmit]
2020-08-19 12:08:129 INFO  AddComputerPage :130 - Found: ASUS ROG 3 in Computer Name search results
2020-08-19 12:08:452 INFO  AddComputerPage :132 - Clicked on Computer Name: ASUS ROG 3
2020-08-19 12:08:462 INFO  WaitHelper :26 - Waiting for element to be visible on page: [[ChromeDriver: chrome on WINDOWS (7a34ed90084d392c3efc9c52460403c2)] -> css selector: .btn.danger]
2020-08-19 12:08:492 INFO  WaitHelper :28 - Found Element on page: [[ChromeDriver: chrome on WINDOWS (7a34ed90084d392c3efc9c52460403c2)] -> css selector: .btn.danger]
2020-08-19 12:08:182 INFO  BaseClass :65 - Clicked on element: Proxy element for: DefaultElementLocator 'By.cssSelector: .btn.danger'
2020-08-19 12:08:191 INFO  WaitHelper :26 - Waiting for element to be visible on page: [[ChromeDriver: chrome on WINDOWS (7a34ed90084d392c3efc9c52460403c2)] -> css selector: .alert-message]
2020-08-19 12:08:219 INFO  WaitHelper :28 - Found Element on page: [[ChromeDriver: chrome on WINDOWS (7a34ed90084d392c3efc9c52460403c2)] -> css selector: .alert-message]
2020-08-19 12:08:226 INFO  WaitHelper :26 - Waiting for element to be visible on page: [[ChromeDriver: chrome on WINDOWS (7a34ed90084d392c3efc9c52460403c2)] -> css selector: .alert-message]
2020-08-19 12:08:252 INFO  WaitHelper :28 - Found Element on page: [[ChromeDriver: chrome on WINDOWS (7a34ed90084d392c3efc9c52460403c2)] -> css selector: .alert-message]
2020-08-19 12:08:252 INFO  BaseClass :98 - Success message is displayed
2020-08-19 12:08:686 INFO  BaseClass :175 - Browser has been closed!!
